<?xml version="1.0" encoding="UTF-8"?>
<testng-results ignored="0" total="1" passed="1" failed="0" skipped="0">
  <reporter-output>
  </reporter-output>
  <suite started-at="2022-12-06T23:32:51 EET" name="All Test Suite" finished-at="2022-12-06T23:33:44 EET" duration-ms="52713">
    <groups>
    </groups>
    <test started-at="2022-12-06T23:32:51 EET" name="G:/Clipboard_Health" finished-at="2022-12-06T23:33:44 EET" duration-ms="52713">
      <class name="Tests.Tests">
        <test-method is-config="true" signature="setUp()[pri:0, instance:Tests.Tests@53976f5c]" started-at="2022-12-06T23:32:51 EET" name="setUp" finished-at="2022-12-06T23:33:29 EET" duration-ms="37952" status="PASS">
          <reporter-output>
          </reporter-output>
        </test-method> <!-- setUp -->
        <test-method signature="FirstTestCase()[pri:0, instance:Tests.Tests@53976f5c]" started-at="2022-12-06T23:33:29 EET" name="FirstTestCase" finished-at="2022-12-06T23:33:43 EET" duration-ms="14017" status="PASS">
          <reporter-output>
          </reporter-output>
        </test-method> <!-- FirstTestCase -->
        <test-method is-config="true" signature="tearDown()[pri:0, instance:Tests.Tests@53976f5c]" started-at="2022-12-06T23:33:43 EET" name="tearDown" finished-at="2022-12-06T23:33:44 EET" duration-ms="702" status="PASS">
          <reporter-output>
          </reporter-output>
        </test-method> <!-- tearDown -->
      </class> <!-- Tests.Tests -->
    </test> <!-- G:/Clipboard_Health -->
  </suite> <!-- All Test Suite -->
</testng-results>
